<?xml version="1.0" encoding="UTF-8"?>
<!-- Generated by org.testng.reporters.JUnitReportReporter -->
<testsuite hostname="LAPTOP-FRR416C2" failures="0" tests="1" name="books.TC_001_Test" time="3.733" errors="0" timestamp="2025-02-21T19:56:56 IST" skipped="0">
  <testcase classname="books.TC_001_Test" name="clickOnBooks" time="3.733"/>
  <system-out/>
</testsuite> <!-- books.TC_001_Test -->
