<?xml version="1.0" encoding="UTF-8"?>
<!-- Generated by org.testng.reporters.JUnitReportReporter -->
<testsuite hostname="LAPTOP-FRR416C2" failures="0" tests="1" name="giftCards.TC_004_TEST" time="3.721" errors="0" timestamp="2025-02-20T22:52:24 IST" skipped="0">
  <testcase classname="giftCards.TC_004_TEST" name="loginToGifts" time="3.721"/>
  <system-out/>
</testsuite> <!-- giftCards.TC_004_TEST -->
