<?xml version="1.0" encoding="UTF-8"?>
<!-- Generated by org.testng.reporters.JUnitReportReporter -->
<testsuite hostname="LAPTOP-FRR416C2" failures="0" tests="1" name="electronics.TC_003_Test" time="3.816" errors="0" timestamp="2025-02-21T18:22:42 IST" skipped="0">
  <testcase classname="electronics.TC_003_Test" name="clickOnElectronics" time="3.816"/>
  <system-out/>
</testsuite> <!-- electronics.TC_003_Test -->
